{
  "nbformat": 4,
  "nbformat_minor": 0,
  "metadata": {
    "colab": {
      "provenance": []
    },
    "kernelspec": {
      "name": "python3",
      "display_name": "Python 3"
    },
    "language_info": {
      "name": "python"
    }
  },
  "cells": [
    {
      "cell_type": "code",
      "source": [
        "%cd quiz-generator"
      ],
      "metadata": {
        "colab": {
          "base_uri": "https://localhost:8080/"
        },
        "id": "xgNRk92UuNVe",
        "outputId": "a78f6f12-ff06-4df6-91ec-65564b8666c4"
      },
      "execution_count": 22,
      "outputs": [
        {
          "output_type": "stream",
          "name": "stdout",
          "text": [
            "[Errno 2] No such file or directory: 'quiz-generator'\n",
            "/content/quiz-generator\n"
          ]
        }
      ]
    },
    {
      "cell_type": "code",
      "source": [
        "!pip install -r requirements.txt"
      ],
      "metadata": {
        "colab": {
          "base_uri": "https://localhost:8080/"
        },
        "id": "ZjYUzV5tuUp-",
        "outputId": "0e1d7fcb-db3c-4173-d5fb-44b235a00274",
        "collapsed": true
      },
      "execution_count": 23,
      "outputs": [
        {
          "output_type": "stream",
          "name": "stdout",
          "text": [
            "Requirement already satisfied: gradio==6.0.1 in /usr/local/lib/python3.12/dist-packages (from -r requirements.txt (line 1)) (6.0.1)\n",
            "Requirement already satisfied: spacy==3.7.5 in /usr/local/lib/python3.12/dist-packages (from -r requirements.txt (line 3)) (3.7.5)\n",
            "Requirement already satisfied: nltk==3.8.1 in /usr/local/lib/python3.12/dist-packages (from -r requirements.txt (line 4)) (3.8.1)\n",
            "Requirement already satisfied: scikit-learn==1.3.2 in /usr/local/lib/python3.12/dist-packages (from -r requirements.txt (line 6)) (1.3.2)\n",
            "Requirement already satisfied: gensim==4.3.2 in /usr/local/lib/python3.12/dist-packages (from -r requirements.txt (line 7)) (4.3.2)\n",
            "Requirement already satisfied: numpy==1.26.2 in /usr/local/lib/python3.12/dist-packages (from -r requirements.txt (line 8)) (1.26.2)\n",
            "Requirement already satisfied: Pillow==10.1.0 in /usr/local/lib/python3.12/dist-packages (from -r requirements.txt (line 10)) (10.1.0)\n",
            "Requirement already satisfied: pytesseract==0.3.10 in /usr/local/lib/python3.12/dist-packages (from -r requirements.txt (line 11)) (0.3.10)\n",
            "Requirement already satisfied: pytest==9.0.1 in /usr/local/lib/python3.12/dist-packages (from -r requirements.txt (line 13)) (9.0.1)\n",
            "Requirement already satisfied: scipy==1.12 in /usr/local/lib/python3.12/dist-packages (from -r requirements.txt (line 14)) (1.12.0)\n",
            "Requirement already satisfied: aiofiles<25.0,>=22.0 in /usr/local/lib/python3.12/dist-packages (from gradio==6.0.1->-r requirements.txt (line 1)) (24.1.0)\n",
            "Requirement already satisfied: anyio<5.0,>=3.0 in /usr/local/lib/python3.12/dist-packages (from gradio==6.0.1->-r requirements.txt (line 1)) (4.11.0)\n",
            "Requirement already satisfied: brotli>=1.1.0 in /usr/local/lib/python3.12/dist-packages (from gradio==6.0.1->-r requirements.txt (line 1)) (1.2.0)\n",
            "Requirement already satisfied: fastapi<1.0,>=0.115.2 in /usr/local/lib/python3.12/dist-packages (from gradio==6.0.1->-r requirements.txt (line 1)) (0.118.3)\n",
            "Requirement already satisfied: ffmpy in /usr/local/lib/python3.12/dist-packages (from gradio==6.0.1->-r requirements.txt (line 1)) (1.0.0)\n",
            "Requirement already satisfied: gradio-client==2.0.0 in /usr/local/lib/python3.12/dist-packages (from gradio==6.0.1->-r requirements.txt (line 1)) (2.0.0)\n",
            "Requirement already satisfied: groovy~=0.1 in /usr/local/lib/python3.12/dist-packages (from gradio==6.0.1->-r requirements.txt (line 1)) (0.1.2)\n",
            "Requirement already satisfied: httpx<1.0,>=0.24.1 in /usr/local/lib/python3.12/dist-packages (from gradio==6.0.1->-r requirements.txt (line 1)) (0.28.1)\n",
            "Requirement already satisfied: huggingface-hub<2.0,>=0.33.5 in /usr/local/lib/python3.12/dist-packages (from gradio==6.0.1->-r requirements.txt (line 1)) (0.36.0)\n",
            "Requirement already satisfied: jinja2<4.0 in /usr/local/lib/python3.12/dist-packages (from gradio==6.0.1->-r requirements.txt (line 1)) (3.1.6)\n",
            "Requirement already satisfied: markupsafe<4.0,>=2.0 in /usr/local/lib/python3.12/dist-packages (from gradio==6.0.1->-r requirements.txt (line 1)) (3.0.3)\n",
            "Requirement already satisfied: orjson~=3.0 in /usr/local/lib/python3.12/dist-packages (from gradio==6.0.1->-r requirements.txt (line 1)) (3.11.4)\n",
            "Requirement already satisfied: packaging in /usr/local/lib/python3.12/dist-packages (from gradio==6.0.1->-r requirements.txt (line 1)) (25.0)\n",
            "Requirement already satisfied: pandas<3.0,>=1.0 in /usr/local/lib/python3.12/dist-packages (from gradio==6.0.1->-r requirements.txt (line 1)) (2.2.2)\n",
            "Requirement already satisfied: pydantic<=2.12.4,>=2.11.10 in /usr/local/lib/python3.12/dist-packages (from gradio==6.0.1->-r requirements.txt (line 1)) (2.12.3)\n",
            "Requirement already satisfied: pydub in /usr/local/lib/python3.12/dist-packages (from gradio==6.0.1->-r requirements.txt (line 1)) (0.25.1)\n",
            "Requirement already satisfied: python-multipart>=0.0.18 in /usr/local/lib/python3.12/dist-packages (from gradio==6.0.1->-r requirements.txt (line 1)) (0.0.20)\n",
            "Requirement already satisfied: pyyaml<7.0,>=5.0 in /usr/local/lib/python3.12/dist-packages (from gradio==6.0.1->-r requirements.txt (line 1)) (6.0.3)\n",
            "Requirement already satisfied: safehttpx<0.2.0,>=0.1.7 in /usr/local/lib/python3.12/dist-packages (from gradio==6.0.1->-r requirements.txt (line 1)) (0.1.7)\n",
            "Requirement already satisfied: semantic-version~=2.0 in /usr/local/lib/python3.12/dist-packages (from gradio==6.0.1->-r requirements.txt (line 1)) (2.10.0)\n",
            "Requirement already satisfied: starlette<1.0,>=0.40.0 in /usr/local/lib/python3.12/dist-packages (from gradio==6.0.1->-r requirements.txt (line 1)) (0.48.0)\n",
            "Requirement already satisfied: tomlkit<0.14.0,>=0.12.0 in /usr/local/lib/python3.12/dist-packages (from gradio==6.0.1->-r requirements.txt (line 1)) (0.13.3)\n",
            "Requirement already satisfied: typer<1.0,>=0.12 in /usr/local/lib/python3.12/dist-packages (from gradio==6.0.1->-r requirements.txt (line 1)) (0.20.0)\n",
            "Requirement already satisfied: typing-extensions~=4.0 in /usr/local/lib/python3.12/dist-packages (from gradio==6.0.1->-r requirements.txt (line 1)) (4.15.0)\n",
            "Requirement already satisfied: uvicorn>=0.14.0 in /usr/local/lib/python3.12/dist-packages (from gradio==6.0.1->-r requirements.txt (line 1)) (0.38.0)\n",
            "Requirement already satisfied: spacy-legacy<3.1.0,>=3.0.11 in /usr/local/lib/python3.12/dist-packages (from spacy==3.7.5->-r requirements.txt (line 3)) (3.0.12)\n",
            "Requirement already satisfied: spacy-loggers<2.0.0,>=1.0.0 in /usr/local/lib/python3.12/dist-packages (from spacy==3.7.5->-r requirements.txt (line 3)) (1.0.5)\n",
            "Requirement already satisfied: murmurhash<1.1.0,>=0.28.0 in /usr/local/lib/python3.12/dist-packages (from spacy==3.7.5->-r requirements.txt (line 3)) (1.0.15)\n",
            "Requirement already satisfied: cymem<2.1.0,>=2.0.2 in /usr/local/lib/python3.12/dist-packages (from spacy==3.7.5->-r requirements.txt (line 3)) (2.0.13)\n",
            "Requirement already satisfied: preshed<3.1.0,>=3.0.2 in /usr/local/lib/python3.12/dist-packages (from spacy==3.7.5->-r requirements.txt (line 3)) (3.0.12)\n",
            "Requirement already satisfied: thinc<8.3.0,>=8.2.2 in /usr/local/lib/python3.12/dist-packages (from spacy==3.7.5->-r requirements.txt (line 3)) (8.2.5)\n",
            "Requirement already satisfied: wasabi<1.2.0,>=0.9.1 in /usr/local/lib/python3.12/dist-packages (from spacy==3.7.5->-r requirements.txt (line 3)) (1.1.3)\n",
            "Requirement already satisfied: srsly<3.0.0,>=2.4.3 in /usr/local/lib/python3.12/dist-packages (from spacy==3.7.5->-r requirements.txt (line 3)) (2.5.2)\n",
            "Requirement already satisfied: catalogue<2.1.0,>=2.0.6 in /usr/local/lib/python3.12/dist-packages (from spacy==3.7.5->-r requirements.txt (line 3)) (2.0.10)\n",
            "Requirement already satisfied: weasel<0.5.0,>=0.1.0 in /usr/local/lib/python3.12/dist-packages (from spacy==3.7.5->-r requirements.txt (line 3)) (0.4.3)\n",
            "Requirement already satisfied: tqdm<5.0.0,>=4.38.0 in /usr/local/lib/python3.12/dist-packages (from spacy==3.7.5->-r requirements.txt (line 3)) (4.67.1)\n",
            "Requirement already satisfied: requests<3.0.0,>=2.13.0 in /usr/local/lib/python3.12/dist-packages (from spacy==3.7.5->-r requirements.txt (line 3)) (2.32.4)\n",
            "Requirement already satisfied: setuptools in /usr/local/lib/python3.12/dist-packages (from spacy==3.7.5->-r requirements.txt (line 3)) (75.2.0)\n",
            "Requirement already satisfied: langcodes<4.0.0,>=3.2.0 in /usr/local/lib/python3.12/dist-packages (from spacy==3.7.5->-r requirements.txt (line 3)) (3.5.1)\n",
            "Requirement already satisfied: click in /usr/local/lib/python3.12/dist-packages (from nltk==3.8.1->-r requirements.txt (line 4)) (8.3.1)\n",
            "Requirement already satisfied: joblib in /usr/local/lib/python3.12/dist-packages (from nltk==3.8.1->-r requirements.txt (line 4)) (1.5.2)\n",
            "Requirement already satisfied: regex>=2021.8.3 in /usr/local/lib/python3.12/dist-packages (from nltk==3.8.1->-r requirements.txt (line 4)) (2025.11.3)\n",
            "Requirement already satisfied: threadpoolctl>=2.0.0 in /usr/local/lib/python3.12/dist-packages (from scikit-learn==1.3.2->-r requirements.txt (line 6)) (3.6.0)\n",
            "Requirement already satisfied: smart_open>=1.8.1 in /usr/local/lib/python3.12/dist-packages (from gensim==4.3.2->-r requirements.txt (line 7)) (7.5.0)\n",
            "Requirement already satisfied: iniconfig>=1.0.1 in /usr/local/lib/python3.12/dist-packages (from pytest==9.0.1->-r requirements.txt (line 13)) (2.3.0)\n",
            "Requirement already satisfied: pluggy<2,>=1.5 in /usr/local/lib/python3.12/dist-packages (from pytest==9.0.1->-r requirements.txt (line 13)) (1.6.0)\n",
            "Requirement already satisfied: pygments>=2.7.2 in /usr/local/lib/python3.12/dist-packages (from pytest==9.0.1->-r requirements.txt (line 13)) (2.19.2)\n",
            "Requirement already satisfied: fsspec in /usr/local/lib/python3.12/dist-packages (from gradio-client==2.0.0->gradio==6.0.1->-r requirements.txt (line 1)) (2025.3.0)\n",
            "Requirement already satisfied: idna>=2.8 in /usr/local/lib/python3.12/dist-packages (from anyio<5.0,>=3.0->gradio==6.0.1->-r requirements.txt (line 1)) (3.11)\n",
            "Requirement already satisfied: sniffio>=1.1 in /usr/local/lib/python3.12/dist-packages (from anyio<5.0,>=3.0->gradio==6.0.1->-r requirements.txt (line 1)) (1.3.1)\n",
            "Requirement already satisfied: certifi in /usr/local/lib/python3.12/dist-packages (from httpx<1.0,>=0.24.1->gradio==6.0.1->-r requirements.txt (line 1)) (2025.11.12)\n",
            "Requirement already satisfied: httpcore==1.* in /usr/local/lib/python3.12/dist-packages (from httpx<1.0,>=0.24.1->gradio==6.0.1->-r requirements.txt (line 1)) (1.0.9)\n",
            "Requirement already satisfied: h11>=0.16 in /usr/local/lib/python3.12/dist-packages (from httpcore==1.*->httpx<1.0,>=0.24.1->gradio==6.0.1->-r requirements.txt (line 1)) (0.16.0)\n",
            "Requirement already satisfied: filelock in /usr/local/lib/python3.12/dist-packages (from huggingface-hub<2.0,>=0.33.5->gradio==6.0.1->-r requirements.txt (line 1)) (3.20.0)\n",
            "Requirement already satisfied: hf-xet<2.0.0,>=1.1.3 in /usr/local/lib/python3.12/dist-packages (from huggingface-hub<2.0,>=0.33.5->gradio==6.0.1->-r requirements.txt (line 1)) (1.2.0)\n",
            "Requirement already satisfied: python-dateutil>=2.8.2 in /usr/local/lib/python3.12/dist-packages (from pandas<3.0,>=1.0->gradio==6.0.1->-r requirements.txt (line 1)) (2.9.0.post0)\n",
            "Requirement already satisfied: pytz>=2020.1 in /usr/local/lib/python3.12/dist-packages (from pandas<3.0,>=1.0->gradio==6.0.1->-r requirements.txt (line 1)) (2025.2)\n",
            "Requirement already satisfied: tzdata>=2022.7 in /usr/local/lib/python3.12/dist-packages (from pandas<3.0,>=1.0->gradio==6.0.1->-r requirements.txt (line 1)) (2025.2)\n",
            "Requirement already satisfied: annotated-types>=0.6.0 in /usr/local/lib/python3.12/dist-packages (from pydantic<=2.12.4,>=2.11.10->gradio==6.0.1->-r requirements.txt (line 1)) (0.7.0)\n",
            "Requirement already satisfied: pydantic-core==2.41.4 in /usr/local/lib/python3.12/dist-packages (from pydantic<=2.12.4,>=2.11.10->gradio==6.0.1->-r requirements.txt (line 1)) (2.41.4)\n",
            "Requirement already satisfied: typing-inspection>=0.4.2 in /usr/local/lib/python3.12/dist-packages (from pydantic<=2.12.4,>=2.11.10->gradio==6.0.1->-r requirements.txt (line 1)) (0.4.2)\n",
            "Requirement already satisfied: charset_normalizer<4,>=2 in /usr/local/lib/python3.12/dist-packages (from requests<3.0.0,>=2.13.0->spacy==3.7.5->-r requirements.txt (line 3)) (3.4.4)\n",
            "Requirement already satisfied: urllib3<3,>=1.21.1 in /usr/local/lib/python3.12/dist-packages (from requests<3.0.0,>=2.13.0->spacy==3.7.5->-r requirements.txt (line 3)) (2.5.0)\n",
            "Requirement already satisfied: wrapt in /usr/local/lib/python3.12/dist-packages (from smart_open>=1.8.1->gensim==4.3.2->-r requirements.txt (line 7)) (2.0.1)\n",
            "Requirement already satisfied: blis<0.8.0,>=0.7.8 in /usr/local/lib/python3.12/dist-packages (from thinc<8.3.0,>=8.2.2->spacy==3.7.5->-r requirements.txt (line 3)) (0.7.11)\n",
            "Requirement already satisfied: confection<1.0.0,>=0.0.1 in /usr/local/lib/python3.12/dist-packages (from thinc<8.3.0,>=8.2.2->spacy==3.7.5->-r requirements.txt (line 3)) (0.1.5)\n",
            "Requirement already satisfied: shellingham>=1.3.0 in /usr/local/lib/python3.12/dist-packages (from typer<1.0,>=0.12->gradio==6.0.1->-r requirements.txt (line 1)) (1.5.4)\n",
            "Requirement already satisfied: rich>=10.11.0 in /usr/local/lib/python3.12/dist-packages (from typer<1.0,>=0.12->gradio==6.0.1->-r requirements.txt (line 1)) (13.9.4)\n",
            "Requirement already satisfied: typer-slim<1.0.0,>=0.3.0 in /usr/local/lib/python3.12/dist-packages (from weasel<0.5.0,>=0.1.0->spacy==3.7.5->-r requirements.txt (line 3)) (0.20.0)\n",
            "Requirement already satisfied: cloudpathlib<1.0.0,>=0.7.0 in /usr/local/lib/python3.12/dist-packages (from weasel<0.5.0,>=0.1.0->spacy==3.7.5->-r requirements.txt (line 3)) (0.23.0)\n",
            "Requirement already satisfied: six>=1.5 in /usr/local/lib/python3.12/dist-packages (from python-dateutil>=2.8.2->pandas<3.0,>=1.0->gradio==6.0.1->-r requirements.txt (line 1)) (1.17.0)\n",
            "Requirement already satisfied: markdown-it-py>=2.2.0 in /usr/local/lib/python3.12/dist-packages (from rich>=10.11.0->typer<1.0,>=0.12->gradio==6.0.1->-r requirements.txt (line 1)) (4.0.0)\n",
            "Requirement already satisfied: mdurl~=0.1 in /usr/local/lib/python3.12/dist-packages (from markdown-it-py>=2.2.0->rich>=10.11.0->typer<1.0,>=0.12->gradio==6.0.1->-r requirements.txt (line 1)) (0.1.2)\n"
          ]
        }
      ]
    },
    {
      "cell_type": "code",
      "source": [
        "# go to your project root\n",
        "%cd /content/my-new-quiz-project\n",
        "\n",
        "# (re)install dependencies if needed\n",
        "!pip install groq  # plus any other dependencies you need\n",
        "\n",
        "# make sure environment variable for API key is set\n",
        "import os\n",
        "os.environ[\"GROQ_API_KEY\"] = \"<your-key-here>\"  # or use Colab secrets / userdata method\n",
        "\n",
        "# run your main app\n",
        "!python src/app.py\n"
      ],
      "metadata": {
        "colab": {
          "base_uri": "https://localhost:8080/"
        },
        "collapsed": true,
        "id": "rq03ePrsjYet",
        "outputId": "17d01b72-8007-4249-bf02-031cf4782cf0"
      },
      "execution_count": 29,
      "outputs": [
        {
          "output_type": "stream",
          "name": "stdout",
          "text": [
            "/content/my-new-quiz-project\n",
            "Collecting groq\n",
            "  Downloading groq-0.37.0-py3-none-any.whl.metadata (16 kB)\n",
            "Requirement already satisfied: anyio<5,>=3.5.0 in /usr/local/lib/python3.12/dist-packages (from groq) (4.11.0)\n",
            "Requirement already satisfied: distro<2,>=1.7.0 in /usr/local/lib/python3.12/dist-packages (from groq) (1.9.0)\n",
            "Requirement already satisfied: httpx<1,>=0.23.0 in /usr/local/lib/python3.12/dist-packages (from groq) (0.28.1)\n",
            "Requirement already satisfied: pydantic<3,>=1.9.0 in /usr/local/lib/python3.12/dist-packages (from groq) (2.12.3)\n",
            "Requirement already satisfied: sniffio in /usr/local/lib/python3.12/dist-packages (from groq) (1.3.1)\n",
            "Requirement already satisfied: typing-extensions<5,>=4.10 in /usr/local/lib/python3.12/dist-packages (from groq) (4.15.0)\n",
            "Requirement already satisfied: idna>=2.8 in /usr/local/lib/python3.12/dist-packages (from anyio<5,>=3.5.0->groq) (3.11)\n",
            "Requirement already satisfied: certifi in /usr/local/lib/python3.12/dist-packages (from httpx<1,>=0.23.0->groq) (2025.11.12)\n",
            "Requirement already satisfied: httpcore==1.* in /usr/local/lib/python3.12/dist-packages (from httpx<1,>=0.23.0->groq) (1.0.9)\n",
            "Requirement already satisfied: h11>=0.16 in /usr/local/lib/python3.12/dist-packages (from httpcore==1.*->httpx<1,>=0.23.0->groq) (0.16.0)\n",
            "Requirement already satisfied: annotated-types>=0.6.0 in /usr/local/lib/python3.12/dist-packages (from pydantic<3,>=1.9.0->groq) (0.7.0)\n",
            "Requirement already satisfied: pydantic-core==2.41.4 in /usr/local/lib/python3.12/dist-packages (from pydantic<3,>=1.9.0->groq) (2.41.4)\n",
            "Requirement already satisfied: typing-inspection>=0.4.2 in /usr/local/lib/python3.12/dist-packages (from pydantic<3,>=1.9.0->groq) (0.4.2)\n",
            "Downloading groq-0.37.0-py3-none-any.whl (137 kB)\n",
            "\u001b[2K   \u001b[90m━━━━━━━━━━━━━━━━━━━━━━━━━━━━━━━━━━━━━━━━\u001b[0m \u001b[32m137.5/137.5 kB\u001b[0m \u001b[31m8.9 MB/s\u001b[0m eta \u001b[36m0:00:00\u001b[0m\n",
            "\u001b[?25hInstalling collected packages: groq\n",
            "Successfully installed groq-0.37.0\n",
            "[nltk_data] Downloading package stopwords to /root/nltk_data...\n",
            "[nltk_data]   Unzipping corpora/stopwords.zip.\n",
            "/usr/local/lib/python3.12/dist-packages/spacy/util.py:910: UserWarning: [W095] Model 'en_core_web_sm' (3.8.0) was trained with spaCy v3.8.0 and may not be 100% compatible with the current version (3.7.5). If you see errors or degraded performance, download a newer compatible model or retrain your custom model with the current spaCy version. For more details and available updates, run: python -m spacy validate\n",
            "  warnings.warn(warn_msg)\n",
            "[nltk_data] Downloading package punkt to /root/nltk_data...\n",
            "[nltk_data]   Unzipping tokenizers/punkt.zip.\n",
            "* Running on local URL:  http://127.0.0.1:7860\n",
            "* To create a public link, set `share=True` in `launch()`.\n",
            "Keyboard interruption in main thread... closing server.\n",
            "Traceback (most recent call last):\n",
            "  File \"/usr/local/lib/python3.12/dist-packages/gradio/blocks.py\", line 2999, in block_thread\n",
            "    time.sleep(0.1)\n",
            "KeyboardInterrupt\n",
            "\n",
            "During handling of the above exception, another exception occurred:\n",
            "\n",
            "Traceback (most recent call last):\n",
            "  File \"/content/my-new-quiz-project/src/app.py\", line 16, in <module>\n",
            "    demo.launch(theme=gr.themes.Soft(), share=True)\n",
            "    ^^^^^^^^^^^^^^^^^^^^^^^^^^^^^^^^^^^\n",
            "  File \"/usr/local/lib/python3.12/dist-packages/gradio/blocks.py\", line 2906, in launch\n",
            "    self.block_thread()\n",
            "  File \"/usr/local/lib/python3.12/dist-packages/gradio/blocks.py\", line 3003, in block_thread\n",
            "    self.server.close()\n",
            "  File \"/usr/local/lib/python3.12/dist-packages/gradio/http_server.py\", line 82, in close\n",
            "    self.thread.join(timeout=5)\n",
            "  File \"/usr/lib/python3.12/threading.py\", line 1153, in join\n",
            "    self._wait_for_tstate_lock(timeout=max(timeout, 0))\n",
            "  File \"/usr/lib/python3.12/threading.py\", line 1169, in _wait_for_tstate_lock\n",
            "    if lock.acquire(block, timeout):\n",
            "       ^^^^^^^^^^^^^^^^^^^^^^^^^^^^\n",
            "KeyboardInterrupt\n",
            "^C\n"
          ]
        }
      ]
    },
    {
      "cell_type": "code",
      "source": [
        "!python src/app.py"
      ],
      "metadata": {
        "colab": {
          "base_uri": "https://localhost:8080/"
        },
        "id": "Uv94IJ8ykOIr",
        "outputId": "5770e309-1cf9-4598-c904-1b3371632e85"
      },
      "execution_count": null,
      "outputs": [
        {
          "output_type": "stream",
          "name": "stdout",
          "text": [
            "/usr/local/lib/python3.12/dist-packages/spacy/util.py:910: UserWarning: [W095] Model 'en_core_web_sm' (3.8.0) was trained with spaCy v3.8.0 and may not be 100% compatible with the current version (3.7.5). If you see errors or degraded performance, download a newer compatible model or retrain your custom model with the current spaCy version. For more details and available updates, run: python -m spacy validate\n",
            "  warnings.warn(warn_msg)\n",
            "* Running on local URL:  http://127.0.0.1:7860\n",
            "* Running on public URL: https://e4f37b72cb329d95b9.gradio.live\n",
            "\n",
            "This share link expires in 1 week. For free permanent hosting and GPU upgrades, run `gradio deploy` from the terminal in the working directory to deploy to Hugging Face Spaces (https://huggingface.co/spaces)\n"
          ]
        }
      ]
    }
  ]
}